2026-06-19 12:55:52.996 INFO  [com.partyhazz.MainVerticle] ╔══════════════════════════════════════════╗
2026-06-19 12:55:53.000 INFO  [com.partyhazz.MainVerticle] ║  PartyHazz WebSocket Server              ║
2026-06-19 12:55:53.001 INFO  [com.partyhazz.MainVerticle] ║  Listening on ws://0.0.0.0:8080            ║
2026-06-19 12:55:53.001 INFO  [com.partyhazz.MainVerticle] ║  Endpoint: ws://<host>:8080/ws             ║
2026-06-19 12:55:53.001 INFO  [com.partyhazz.MainVerticle] ╚══════════════════════════════════════════╝
2026-06-19 12:55:53.001 INFO  [com.partyhazz.MainVerticle] MainVerticle deployed: 3951d254-b1ea-403a-a834-40e25c64eb22
2026-06-19 15:16:33.551 INFO  [com.partyhazz.MainVerticle] ╔══════════════════════════════════════════╗
2026-06-19 15:16:33.558 INFO  [com.partyhazz.MainVerticle] ║  PartyHazz WebSocket Server              ║
2026-06-19 15:16:33.559 INFO  [com.partyhazz.MainVerticle] ║  Listening on ws://0.0.0.0:8080            ║
2026-06-19 15:16:33.559 INFO  [com.partyhazz.MainVerticle] ║  Endpoint: ws://<host>:8080/ws             ║
2026-06-19 15:16:33.559 INFO  [com.partyhazz.MainVerticle] ╚══════════════════════════════════════════╝
2026-06-19 15:16:33.559 INFO  [com.partyhazz.MainVerticle] MainVerticle deployed: 5a866a2d-5f7c-4b81-9b86-a22c15b26a75
2026-06-19 21:14:05.681 INFO  [com.partyhazz.MessageCtrl] Participante conectado: 2b695e5c-e448-41d5-b7b6-fa750b503580
2026-06-19 21:14:05.912 INFO  [com.partyhazz.SalaBs] Sala creada: JGMYJ9 por el participante 2b695e5c-e448-41d5-b7b6-fa750b503580
2026-06-19 21:14:37.416 INFO  [com.partyhazz.SalaBs] Sala creada: KDP3CA por el participante 2b695e5c-e448-41d5-b7b6-fa750b503580
2026-06-19 21:31:14.623 INFO  [com.partyhazz.SalaBs] Participante 2b695e5c-e448-41d5-b7b6-fa750b503580 se fue alv de la sala KDP3CA (isVoluntad: true, eraHost: true, quedan: 0)
2026-06-19 21:31:14.623 INFO  [com.partyhazz.SalaBs] Sala KDP3CA destruida (vacía)
2026-06-19 21:31:14.624 INFO  [com.partyhazz.MessageCtrl] Cliente desconectado: 2b695e5c-e448-41d5-b7b6-fa750b503580 (code=1000, reason=DEJAR_SALA voluntario)
2026-06-19 21:31:18.367 INFO  [com.partyhazz.MessageCtrl] Participante conectado: bb423d66-5eb9-4363-aefd-75986e8a7a3f
2026-06-19 21:31:18.760 INFO  [com.partyhazz.SalaBs] Sala creada: E26A8T por el participante bb423d66-5eb9-4363-aefd-75986e8a7a3f
2026-06-19 21:50:57.775 INFO  [com.partyhazz.MessageCtrl] Cliente desconectado: bb423d66-5eb9-4363-aefd-75986e8a7a3f (code=1001, reason=null)
2026-06-19 21:50:57.775 INFO  [com.partyhazz.SalaBs] Participante bb423d66-5eb9-4363-aefd-75986e8a7a3f se fue alv de la sala E26A8T (isVoluntad: true, eraHost: true, quedan: 0)
2026-06-19 21:50:57.775 INFO  [com.partyhazz.SalaBs] Sala E26A8T destruida (vacía)
