2026-06-20 14:40:19.248 INFO  [com.partyhazz.MainVerticle] ╔══════════════════════════════════════════╗
2026-06-20 14:40:19.253 INFO  [com.partyhazz.MainVerticle] ║  PartyHazz WebSocket Server              ║
2026-06-20 14:40:19.253 INFO  [com.partyhazz.MainVerticle] ║  Listening on ws://0.0.0.0:8080            ║
2026-06-20 14:40:19.254 INFO  [com.partyhazz.MainVerticle] ║  Endpoint: ws://<host>:8080/ws             ║
2026-06-20 14:40:19.254 INFO  [com.partyhazz.MainVerticle] ╚══════════════════════════════════════════╝
2026-06-20 14:40:19.269 INFO  [com.partyhazz.MainVerticle] MainVerticle deployed: 1894e257-fe8a-4bb7-8636-b8378d5f81e9
2026-06-20 14:40:56.285 INFO  [com.partyhazz.MessageCtrl] Participante conectado: 97d7a6b8-9fb2-431b-bcb4-d45100e2f216
2026-06-20 14:40:56.580 INFO  [com.partyhazz.SalaBs] Sala creada: 6GZS7W por el participante 97d7a6b8-9fb2-431b-bcb4-d45100e2f216
2026-06-20 14:41:00.192 INFO  [com.partyhazz.SalaBs] Participante 97d7a6b8-9fb2-431b-bcb4-d45100e2f216 se fue alv de la sala 6GZS7W (isVoluntad: true, eraHost: true, quedan: 0)
2026-06-20 14:41:00.193 INFO  [com.partyhazz.SalaBs] Sala 6GZS7W destruida (vacía)
2026-06-20 14:41:00.198 INFO  [com.partyhazz.MessageCtrl] Cliente desconectado: 97d7a6b8-9fb2-431b-bcb4-d45100e2f216 (code=1000, reason=DEJAR_SALA voluntario)
2026-06-20 15:03:29.208 INFO  [com.partyhazz.MessageCtrl] Participante conectado: bb540d06-8844-4626-9baf-beea598e3c41
2026-06-20 15:03:29.614 INFO  [com.partyhazz.SalaBs] Sala creada: VCVBVB por el participante bb540d06-8844-4626-9baf-beea598e3c41
2026-06-20 15:03:56.002 INFO  [com.partyhazz.SalaBs] Sala creada: NJW5J8 por el participante bb540d06-8844-4626-9baf-beea598e3c41
2026-06-20 15:14:14.589 INFO  [com.partyhazz.SalaBs] Sala creada: QMWGC5 por el participante bb540d06-8844-4626-9baf-beea598e3c41
2026-06-20 17:04:11.314 INFO  [com.partyhazz.MessageCtrl] Cliente desconectado: bb540d06-8844-4626-9baf-beea598e3c41 (code=1001, reason=null)
2026-06-20 17:04:11.314 INFO  [com.partyhazz.SalaBs] Participante bb540d06-8844-4626-9baf-beea598e3c41 se fue alv de la sala QMWGC5 (isVoluntad: true, eraHost: true, quedan: 0)
2026-06-20 17:04:11.314 INFO  [com.partyhazz.SalaBs] Sala QMWGC5 destruida (vacía)
2026-06-20 21:28:47.211 INFO  [com.partyhazz.MainVerticle] ╔══════════════════════════════════════════╗
2026-06-20 21:28:47.218 INFO  [com.partyhazz.MainVerticle] ║  PartyHazz WebSocket Server              ║
2026-06-20 21:28:47.218 INFO  [com.partyhazz.MainVerticle] ║  Listening on ws://0.0.0.0:8080            ║
2026-06-20 21:28:47.219 INFO  [com.partyhazz.MainVerticle] ║  Endpoint: ws://<host>:8080/ws             ║
2026-06-20 21:28:47.219 INFO  [com.partyhazz.MainVerticle] ╚══════════════════════════════════════════╝
2026-06-20 21:28:47.219 INFO  [com.partyhazz.MainVerticle] MainVerticle deployed: 3b4b6c6c-bf13-451e-867e-c541baf7bd57
